ARM GAS  C:\Users\admin\AppData\Local\Temp\ccd90eDs.s 			page 1


   1              		.cpu cortex-m4
   2              		.arch armv7e-m
   3              		.fpu fpv4-sp-d16
   4              		.eabi_attribute 27, 1
   5              		.eabi_attribute 28, 1
   6              		.eabi_attribute 20, 1
   7              		.eabi_attribute 21, 1
   8              		.eabi_attribute 23, 3
   9              		.eabi_attribute 24, 1
  10              		.eabi_attribute 25, 1
  11              		.eabi_attribute 26, 1
  12              		.eabi_attribute 30, 1
  13              		.eabi_attribute 34, 1
  14              		.eabi_attribute 18, 4
  15              		.file	"main.c"
  16              		.text
  17              	.Ltext0:
  18              		.cfi_sections	.debug_frame
  19              		.file 1 "Core/Src/main.c"
  20              		.section	.text.Error_Handler,"ax",%progbits
  21              		.align	1
  22              		.global	Error_Handler
  23              		.syntax unified
  24              		.thumb
  25              		.thumb_func
  27              	Error_Handler:
  28              	.LFB132:
   1:Core/Src/main.c **** /* USER CODE BEGIN Header */
   2:Core/Src/main.c **** /**
   3:Core/Src/main.c ****   ******************************************************************************
   4:Core/Src/main.c ****   * @file           : main.c
   5:Core/Src/main.c ****   * @brief          : Main program body
   6:Core/Src/main.c ****   ******************************************************************************
   7:Core/Src/main.c ****   * @attention
   8:Core/Src/main.c ****   *
   9:Core/Src/main.c ****   * Copyright (c) 2024 STMicroelectronics.
  10:Core/Src/main.c ****   * All rights reserved.
  11:Core/Src/main.c ****   *
  12:Core/Src/main.c ****   * This software is licensed under terms that can be found in the LICENSE file
  13:Core/Src/main.c ****   * in the root directory of this software component.
  14:Core/Src/main.c ****   * If no LICENSE file comes with this software, it is provided AS-IS.
  15:Core/Src/main.c ****   *
  16:Core/Src/main.c ****   ******************************************************************************
  17:Core/Src/main.c ****   */
  18:Core/Src/main.c **** /* USER CODE END Header */
  19:Core/Src/main.c **** /* Includes ------------------------------------------------------------------*/
  20:Core/Src/main.c **** #include "main.h"
  21:Core/Src/main.c **** #include "usart.h"
  22:Core/Src/main.c **** #include "gpio.h"
  23:Core/Src/main.c **** 
  24:Core/Src/main.c **** /* Private includes ----------------------------------------------------------*/
  25:Core/Src/main.c **** /* USER CODE BEGIN Includes */
  26:Core/Src/main.c **** 
  27:Core/Src/main.c **** /* USER CODE END Includes */
  28:Core/Src/main.c **** 
  29:Core/Src/main.c **** /* Private typedef -----------------------------------------------------------*/
  30:Core/Src/main.c **** /* USER CODE BEGIN PTD */
ARM GAS  C:\Users\admin\AppData\Local\Temp\ccd90eDs.s 			page 2


  31:Core/Src/main.c **** 
  32:Core/Src/main.c **** /* USER CODE END PTD */
  33:Core/Src/main.c **** 
  34:Core/Src/main.c **** /* Private define ------------------------------------------------------------*/
  35:Core/Src/main.c **** /* USER CODE BEGIN PD */
  36:Core/Src/main.c **** 
  37:Core/Src/main.c **** /* USER CODE END PD */
  38:Core/Src/main.c **** 
  39:Core/Src/main.c **** /* Private macro -------------------------------------------------------------*/
  40:Core/Src/main.c **** /* USER CODE BEGIN PM */
  41:Core/Src/main.c **** 
  42:Core/Src/main.c **** /* USER CODE END PM */
  43:Core/Src/main.c **** 
  44:Core/Src/main.c **** /* Private variables ---------------------------------------------------------*/
  45:Core/Src/main.c **** 
  46:Core/Src/main.c **** /* USER CODE BEGIN PV */
  47:Core/Src/main.c **** 
  48:Core/Src/main.c **** /* USER CODE END PV */
  49:Core/Src/main.c **** 
  50:Core/Src/main.c **** /* Private function prototypes -----------------------------------------------*/
  51:Core/Src/main.c **** void SystemClock_Config(void);
  52:Core/Src/main.c **** /* USER CODE BEGIN PFP */
  53:Core/Src/main.c **** 
  54:Core/Src/main.c **** /* USER CODE END PFP */
  55:Core/Src/main.c **** 
  56:Core/Src/main.c **** /* Private user code ---------------------------------------------------------*/
  57:Core/Src/main.c **** /* USER CODE BEGIN 0 */
  58:Core/Src/main.c **** 
  59:Core/Src/main.c **** /* USER CODE END 0 */
  60:Core/Src/main.c **** 
  61:Core/Src/main.c **** /**
  62:Core/Src/main.c ****   * @brief  The application entry point.
  63:Core/Src/main.c ****   * @retval int
  64:Core/Src/main.c ****   */
  65:Core/Src/main.c **** int main(void)
  66:Core/Src/main.c **** {
  67:Core/Src/main.c ****   /* USER CODE BEGIN 1 */
  68:Core/Src/main.c **** 
  69:Core/Src/main.c ****   /* USER CODE END 1 */
  70:Core/Src/main.c **** 
  71:Core/Src/main.c ****   /* MCU Configuration--------------------------------------------------------*/
  72:Core/Src/main.c **** 
  73:Core/Src/main.c ****   /* Reset of all peripherals, Initializes the Flash interface and the Systick. */
  74:Core/Src/main.c ****   HAL_Init();
  75:Core/Src/main.c **** 
  76:Core/Src/main.c ****   /* USER CODE BEGIN Init */
  77:Core/Src/main.c **** 
  78:Core/Src/main.c ****   /* USER CODE END Init */
  79:Core/Src/main.c **** 
  80:Core/Src/main.c ****   /* Configure the system clock */
  81:Core/Src/main.c ****   SystemClock_Config();
  82:Core/Src/main.c **** 
  83:Core/Src/main.c ****   /* USER CODE BEGIN SysInit */
  84:Core/Src/main.c **** 
  85:Core/Src/main.c ****   /* USER CODE END SysInit */
  86:Core/Src/main.c **** 
  87:Core/Src/main.c ****   /* Initialize all configured peripherals */
ARM GAS  C:\Users\admin\AppData\Local\Temp\ccd90eDs.s 			page 3


  88:Core/Src/main.c ****   MX_GPIO_Init();
  89:Core/Src/main.c ****   MX_USART1_UART_Init();
  90:Core/Src/main.c ****   /* USER CODE BEGIN 2 */
  91:Core/Src/main.c **** 
  92:Core/Src/main.c ****   /* USER CODE END 2 */
  93:Core/Src/main.c **** 
  94:Core/Src/main.c ****   /* Infinite loop */
  95:Core/Src/main.c ****   /* USER CODE BEGIN WHILE */
  96:Core/Src/main.c ****   while (1)
  97:Core/Src/main.c ****   {
  98:Core/Src/main.c ****     HAL_GPIO_TogglePin(LED_GPIO_Port,LED_Pin);
  99:Core/Src/main.c ****     HAL_Delay(500);
 100:Core/Src/main.c ****     HAL_UART_Transmit(&huart1,"Hello World!\r\n",strlen("Hello World!\r"),HAL_MAX_DELAY);
 101:Core/Src/main.c ****     /* USER CODE END WHILE */
 102:Core/Src/main.c **** 
 103:Core/Src/main.c ****     /* USER CODE BEGIN 3 */
 104:Core/Src/main.c ****   }
 105:Core/Src/main.c ****   /* USER CODE END 3 */
 106:Core/Src/main.c **** }
 107:Core/Src/main.c **** 
 108:Core/Src/main.c **** /**
 109:Core/Src/main.c ****   * @brief System Clock Configuration
 110:Core/Src/main.c ****   * @retval None
 111:Core/Src/main.c ****   */
 112:Core/Src/main.c **** void SystemClock_Config(void)
 113:Core/Src/main.c **** {
 114:Core/Src/main.c ****   RCC_OscInitTypeDef RCC_OscInitStruct = {0};
 115:Core/Src/main.c ****   RCC_ClkInitTypeDef RCC_ClkInitStruct = {0};
 116:Core/Src/main.c **** 
 117:Core/Src/main.c ****   /** Configure the main internal regulator output voltage
 118:Core/Src/main.c ****   */
 119:Core/Src/main.c ****   __HAL_RCC_PWR_CLK_ENABLE();
 120:Core/Src/main.c ****   __HAL_PWR_VOLTAGESCALING_CONFIG(PWR_REGULATOR_VOLTAGE_SCALE1);
 121:Core/Src/main.c **** 
 122:Core/Src/main.c ****   /** Initializes the RCC Oscillators according to the specified parameters
 123:Core/Src/main.c ****   * in the RCC_OscInitTypeDef structure.
 124:Core/Src/main.c ****   */
 125:Core/Src/main.c ****   RCC_OscInitStruct.OscillatorType = RCC_OSCILLATORTYPE_HSE;
 126:Core/Src/main.c ****   RCC_OscInitStruct.HSEState = RCC_HSE_ON;
 127:Core/Src/main.c ****   RCC_OscInitStruct.PLL.PLLState = RCC_PLL_ON;
 128:Core/Src/main.c ****   RCC_OscInitStruct.PLL.PLLSource = RCC_PLLSOURCE_HSE;
 129:Core/Src/main.c ****   RCC_OscInitStruct.PLL.PLLM = 12;
 130:Core/Src/main.c ****   RCC_OscInitStruct.PLL.PLLN = 96;
 131:Core/Src/main.c ****   RCC_OscInitStruct.PLL.PLLP = RCC_PLLP_DIV2;
 132:Core/Src/main.c ****   RCC_OscInitStruct.PLL.PLLQ = 4;
 133:Core/Src/main.c ****   if (HAL_RCC_OscConfig(&RCC_OscInitStruct) != HAL_OK)
 134:Core/Src/main.c ****   {
 135:Core/Src/main.c ****     Error_Handler();
 136:Core/Src/main.c ****   }
 137:Core/Src/main.c **** 
 138:Core/Src/main.c ****   /** Initializes the CPU, AHB and APB buses clocks
 139:Core/Src/main.c ****   */
 140:Core/Src/main.c ****   RCC_ClkInitStruct.ClockType = RCC_CLOCKTYPE_HCLK|RCC_CLOCKTYPE_SYSCLK
 141:Core/Src/main.c ****                               |RCC_CLOCKTYPE_PCLK1|RCC_CLOCKTYPE_PCLK2;
 142:Core/Src/main.c ****   RCC_ClkInitStruct.SYSCLKSource = RCC_SYSCLKSOURCE_PLLCLK;
 143:Core/Src/main.c ****   RCC_ClkInitStruct.AHBCLKDivider = RCC_SYSCLK_DIV1;
 144:Core/Src/main.c ****   RCC_ClkInitStruct.APB1CLKDivider = RCC_HCLK_DIV2;
ARM GAS  C:\Users\admin\AppData\Local\Temp\ccd90eDs.s 			page 4


 145:Core/Src/main.c ****   RCC_ClkInitStruct.APB2CLKDivider = RCC_HCLK_DIV1;
 146:Core/Src/main.c **** 
 147:Core/Src/main.c ****   if (HAL_RCC_ClockConfig(&RCC_ClkInitStruct, FLASH_LATENCY_3) != HAL_OK)
 148:Core/Src/main.c ****   {
 149:Core/Src/main.c ****     Error_Handler();
 150:Core/Src/main.c ****   }
 151:Core/Src/main.c **** }
 152:Core/Src/main.c **** 
 153:Core/Src/main.c **** /* USER CODE BEGIN 4 */
 154:Core/Src/main.c **** 
 155:Core/Src/main.c **** /* USER CODE END 4 */
 156:Core/Src/main.c **** 
 157:Core/Src/main.c **** /**
 158:Core/Src/main.c ****   * @brief  This function is executed in case of error occurrence.
 159:Core/Src/main.c ****   * @retval None
 160:Core/Src/main.c ****   */
 161:Core/Src/main.c **** void Error_Handler(void)
 162:Core/Src/main.c **** {
  29              		.loc 1 162 1 view -0
  30              		.cfi_startproc
  31              		@ Volatile: function does not return.
  32              		@ args = 0, pretend = 0, frame = 0
  33              		@ frame_needed = 0, uses_anonymous_args = 0
  34              		@ link register save eliminated.
 163:Core/Src/main.c ****   /* USER CODE BEGIN Error_Handler_Debug */
 164:Core/Src/main.c ****   /* User can add his own implementation to report the HAL error return state */
 165:Core/Src/main.c ****   __disable_irq();
  35              		.loc 1 165 3 view .LVU1
  36              	.LBB4:
  37              	.LBI4:
  38              		.file 2 "Drivers/CMSIS/Include/cmsis_gcc.h"
   1:Drivers/CMSIS/Include/cmsis_gcc.h **** /**************************************************************************//**
   2:Drivers/CMSIS/Include/cmsis_gcc.h ****  * @file     cmsis_gcc.h
   3:Drivers/CMSIS/Include/cmsis_gcc.h ****  * @brief    CMSIS compiler GCC header file
   4:Drivers/CMSIS/Include/cmsis_gcc.h ****  * @version  V5.0.4
   5:Drivers/CMSIS/Include/cmsis_gcc.h ****  * @date     09. April 2018
   6:Drivers/CMSIS/Include/cmsis_gcc.h ****  ******************************************************************************/
   7:Drivers/CMSIS/Include/cmsis_gcc.h **** /*
   8:Drivers/CMSIS/Include/cmsis_gcc.h ****  * Copyright (c) 2009-2018 Arm Limited. All rights reserved.
   9:Drivers/CMSIS/Include/cmsis_gcc.h ****  *
  10:Drivers/CMSIS/Include/cmsis_gcc.h ****  * SPDX-License-Identifier: Apache-2.0
  11:Drivers/CMSIS/Include/cmsis_gcc.h ****  *
  12:Drivers/CMSIS/Include/cmsis_gcc.h ****  * Licensed under the Apache License, Version 2.0 (the License); you may
  13:Drivers/CMSIS/Include/cmsis_gcc.h ****  * not use this file except in compliance with the License.
  14:Drivers/CMSIS/Include/cmsis_gcc.h ****  * You may obtain a copy of the License at
  15:Drivers/CMSIS/Include/cmsis_gcc.h ****  *
  16:Drivers/CMSIS/Include/cmsis_gcc.h ****  * www.apache.org/licenses/LICENSE-2.0
  17:Drivers/CMSIS/Include/cmsis_gcc.h ****  *
  18:Drivers/CMSIS/Include/cmsis_gcc.h ****  * Unless required by applicable law or agreed to in writing, software
  19:Drivers/CMSIS/Include/cmsis_gcc.h ****  * distributed under the License is distributed on an AS IS BASIS, WITHOUT
  20:Drivers/CMSIS/Include/cmsis_gcc.h ****  * WARRANTIES OR CONDITIONS OF ANY KIND, either express or implied.
  21:Drivers/CMSIS/Include/cmsis_gcc.h ****  * See the License for the specific language governing permissions and
  22:Drivers/CMSIS/Include/cmsis_gcc.h ****  * limitations under the License.
  23:Drivers/CMSIS/Include/cmsis_gcc.h ****  */
  24:Drivers/CMSIS/Include/cmsis_gcc.h **** 
  25:Drivers/CMSIS/Include/cmsis_gcc.h **** #ifndef __CMSIS_GCC_H
  26:Drivers/CMSIS/Include/cmsis_gcc.h **** #define __CMSIS_GCC_H
ARM GAS  C:\Users\admin\AppData\Local\Temp\ccd90eDs.s 			page 5


  27:Drivers/CMSIS/Include/cmsis_gcc.h **** 
  28:Drivers/CMSIS/Include/cmsis_gcc.h **** /* ignore some GCC warnings */
  29:Drivers/CMSIS/Include/cmsis_gcc.h **** #pragma GCC diagnostic push
  30:Drivers/CMSIS/Include/cmsis_gcc.h **** #pragma GCC diagnostic ignored "-Wsign-conversion"
  31:Drivers/CMSIS/Include/cmsis_gcc.h **** #pragma GCC diagnostic ignored "-Wconversion"
  32:Drivers/CMSIS/Include/cmsis_gcc.h **** #pragma GCC diagnostic ignored "-Wunused-parameter"
  33:Drivers/CMSIS/Include/cmsis_gcc.h **** 
  34:Drivers/CMSIS/Include/cmsis_gcc.h **** /* Fallback for __has_builtin */
  35:Drivers/CMSIS/Include/cmsis_gcc.h **** #ifndef __has_builtin
  36:Drivers/CMSIS/Include/cmsis_gcc.h ****   #define __has_builtin(x) (0)
  37:Drivers/CMSIS/Include/cmsis_gcc.h **** #endif
  38:Drivers/CMSIS/Include/cmsis_gcc.h **** 
  39:Drivers/CMSIS/Include/cmsis_gcc.h **** /* CMSIS compiler specific defines */
  40:Drivers/CMSIS/Include/cmsis_gcc.h **** #ifndef   __ASM
  41:Drivers/CMSIS/Include/cmsis_gcc.h ****   #define __ASM                                  __asm
  42:Drivers/CMSIS/Include/cmsis_gcc.h **** #endif
  43:Drivers/CMSIS/Include/cmsis_gcc.h **** #ifndef   __INLINE
  44:Drivers/CMSIS/Include/cmsis_gcc.h ****   #define __INLINE                               inline
  45:Drivers/CMSIS/Include/cmsis_gcc.h **** #endif
  46:Drivers/CMSIS/Include/cmsis_gcc.h **** #ifndef   __STATIC_INLINE
  47:Drivers/CMSIS/Include/cmsis_gcc.h ****   #define __STATIC_INLINE                        static inline
  48:Drivers/CMSIS/Include/cmsis_gcc.h **** #endif
  49:Drivers/CMSIS/Include/cmsis_gcc.h **** #ifndef   __STATIC_FORCEINLINE                 
  50:Drivers/CMSIS/Include/cmsis_gcc.h ****   #define __STATIC_FORCEINLINE                   __attribute__((always_inline)) static inline
  51:Drivers/CMSIS/Include/cmsis_gcc.h **** #endif                                           
  52:Drivers/CMSIS/Include/cmsis_gcc.h **** #ifndef   __NO_RETURN
  53:Drivers/CMSIS/Include/cmsis_gcc.h ****   #define __NO_RETURN                            __attribute__((__noreturn__))
  54:Drivers/CMSIS/Include/cmsis_gcc.h **** #endif
  55:Drivers/CMSIS/Include/cmsis_gcc.h **** #ifndef   __USED
  56:Drivers/CMSIS/Include/cmsis_gcc.h ****   #define __USED                                 __attribute__((used))
  57:Drivers/CMSIS/Include/cmsis_gcc.h **** #endif
  58:Drivers/CMSIS/Include/cmsis_gcc.h **** #ifndef   __WEAK
  59:Drivers/CMSIS/Include/cmsis_gcc.h ****   #define __WEAK                                 __attribute__((weak))
  60:Drivers/CMSIS/Include/cmsis_gcc.h **** #endif
  61:Drivers/CMSIS/Include/cmsis_gcc.h **** #ifndef   __PACKED
  62:Drivers/CMSIS/Include/cmsis_gcc.h ****   #define __PACKED                               __attribute__((packed, aligned(1)))
  63:Drivers/CMSIS/Include/cmsis_gcc.h **** #endif
  64:Drivers/CMSIS/Include/cmsis_gcc.h **** #ifndef   __PACKED_STRUCT
  65:Drivers/CMSIS/Include/cmsis_gcc.h ****   #define __PACKED_STRUCT                        struct __attribute__((packed, aligned(1)))
  66:Drivers/CMSIS/Include/cmsis_gcc.h **** #endif
  67:Drivers/CMSIS/Include/cmsis_gcc.h **** #ifndef   __PACKED_UNION
  68:Drivers/CMSIS/Include/cmsis_gcc.h ****   #define __PACKED_UNION                         union __attribute__((packed, aligned(1)))
  69:Drivers/CMSIS/Include/cmsis_gcc.h **** #endif
  70:Drivers/CMSIS/Include/cmsis_gcc.h **** #ifndef   __UNALIGNED_UINT32        /* deprecated */
  71:Drivers/CMSIS/Include/cmsis_gcc.h ****   #pragma GCC diagnostic push
  72:Drivers/CMSIS/Include/cmsis_gcc.h ****   #pragma GCC diagnostic ignored "-Wpacked"
  73:Drivers/CMSIS/Include/cmsis_gcc.h ****   #pragma GCC diagnostic ignored "-Wattributes"
  74:Drivers/CMSIS/Include/cmsis_gcc.h ****   struct __attribute__((packed)) T_UINT32 { uint32_t v; };
  75:Drivers/CMSIS/Include/cmsis_gcc.h ****   #pragma GCC diagnostic pop
  76:Drivers/CMSIS/Include/cmsis_gcc.h ****   #define __UNALIGNED_UINT32(x)                  (((struct T_UINT32 *)(x))->v)
  77:Drivers/CMSIS/Include/cmsis_gcc.h **** #endif
  78:Drivers/CMSIS/Include/cmsis_gcc.h **** #ifndef   __UNALIGNED_UINT16_WRITE
  79:Drivers/CMSIS/Include/cmsis_gcc.h ****   #pragma GCC diagnostic push
  80:Drivers/CMSIS/Include/cmsis_gcc.h ****   #pragma GCC diagnostic ignored "-Wpacked"
  81:Drivers/CMSIS/Include/cmsis_gcc.h ****   #pragma GCC diagnostic ignored "-Wattributes"
  82:Drivers/CMSIS/Include/cmsis_gcc.h ****   __PACKED_STRUCT T_UINT16_WRITE { uint16_t v; };
  83:Drivers/CMSIS/Include/cmsis_gcc.h ****   #pragma GCC diagnostic pop
ARM GAS  C:\Users\admin\AppData\Local\Temp\ccd90eDs.s 			page 6


  84:Drivers/CMSIS/Include/cmsis_gcc.h ****   #define __UNALIGNED_UINT16_WRITE(addr, val)    (void)((((struct T_UINT16_WRITE *)(void *)(addr))-
  85:Drivers/CMSIS/Include/cmsis_gcc.h **** #endif
  86:Drivers/CMSIS/Include/cmsis_gcc.h **** #ifndef   __UNALIGNED_UINT16_READ
  87:Drivers/CMSIS/Include/cmsis_gcc.h ****   #pragma GCC diagnostic push
  88:Drivers/CMSIS/Include/cmsis_gcc.h ****   #pragma GCC diagnostic ignored "-Wpacked"
  89:Drivers/CMSIS/Include/cmsis_gcc.h ****   #pragma GCC diagnostic ignored "-Wattributes"
  90:Drivers/CMSIS/Include/cmsis_gcc.h ****   __PACKED_STRUCT T_UINT16_READ { uint16_t v; };
  91:Drivers/CMSIS/Include/cmsis_gcc.h ****   #pragma GCC diagnostic pop
  92:Drivers/CMSIS/Include/cmsis_gcc.h ****   #define __UNALIGNED_UINT16_READ(addr)          (((const struct T_UINT16_READ *)(const void *)(add
  93:Drivers/CMSIS/Include/cmsis_gcc.h **** #endif
  94:Drivers/CMSIS/Include/cmsis_gcc.h **** #ifndef   __UNALIGNED_UINT32_WRITE
  95:Drivers/CMSIS/Include/cmsis_gcc.h ****   #pragma GCC diagnostic push
  96:Drivers/CMSIS/Include/cmsis_gcc.h ****   #pragma GCC diagnostic ignored "-Wpacked"
  97:Drivers/CMSIS/Include/cmsis_gcc.h ****   #pragma GCC diagnostic ignored "-Wattributes"
  98:Drivers/CMSIS/Include/cmsis_gcc.h ****   __PACKED_STRUCT T_UINT32_WRITE { uint32_t v; };
  99:Drivers/CMSIS/Include/cmsis_gcc.h ****   #pragma GCC diagnostic pop
 100:Drivers/CMSIS/Include/cmsis_gcc.h ****   #define __UNALIGNED_UINT32_WRITE(addr, val)    (void)((((struct T_UINT32_WRITE *)(void *)(addr))-
 101:Drivers/CMSIS/Include/cmsis_gcc.h **** #endif
 102:Drivers/CMSIS/Include/cmsis_gcc.h **** #ifndef   __UNALIGNED_UINT32_READ
 103:Drivers/CMSIS/Include/cmsis_gcc.h ****   #pragma GCC diagnostic push
 104:Drivers/CMSIS/Include/cmsis_gcc.h ****   #pragma GCC diagnostic ignored "-Wpacked"
 105:Drivers/CMSIS/Include/cmsis_gcc.h ****   #pragma GCC diagnostic ignored "-Wattributes"
 106:Drivers/CMSIS/Include/cmsis_gcc.h ****   __PACKED_STRUCT T_UINT32_READ { uint32_t v; };
 107:Drivers/CMSIS/Include/cmsis_gcc.h ****   #pragma GCC diagnostic pop
 108:Drivers/CMSIS/Include/cmsis_gcc.h ****   #define __UNALIGNED_UINT32_READ(addr)          (((const struct T_UINT32_READ *)(const void *)(add
 109:Drivers/CMSIS/Include/cmsis_gcc.h **** #endif
 110:Drivers/CMSIS/Include/cmsis_gcc.h **** #ifndef   __ALIGNED
 111:Drivers/CMSIS/Include/cmsis_gcc.h ****   #define __ALIGNED(x)                           __attribute__((aligned(x)))
 112:Drivers/CMSIS/Include/cmsis_gcc.h **** #endif
 113:Drivers/CMSIS/Include/cmsis_gcc.h **** #ifndef   __RESTRICT
 114:Drivers/CMSIS/Include/cmsis_gcc.h ****   #define __RESTRICT                             __restrict
 115:Drivers/CMSIS/Include/cmsis_gcc.h **** #endif
 116:Drivers/CMSIS/Include/cmsis_gcc.h **** 
 117:Drivers/CMSIS/Include/cmsis_gcc.h **** 
 118:Drivers/CMSIS/Include/cmsis_gcc.h **** /* ###########################  Core Function Access  ########################### */
 119:Drivers/CMSIS/Include/cmsis_gcc.h **** /** \ingroup  CMSIS_Core_FunctionInterface
 120:Drivers/CMSIS/Include/cmsis_gcc.h ****     \defgroup CMSIS_Core_RegAccFunctions CMSIS Core Register Access Functions
 121:Drivers/CMSIS/Include/cmsis_gcc.h ****   @{
 122:Drivers/CMSIS/Include/cmsis_gcc.h ****  */
 123:Drivers/CMSIS/Include/cmsis_gcc.h **** 
 124:Drivers/CMSIS/Include/cmsis_gcc.h **** /**
 125:Drivers/CMSIS/Include/cmsis_gcc.h ****   \brief   Enable IRQ Interrupts
 126:Drivers/CMSIS/Include/cmsis_gcc.h ****   \details Enables IRQ interrupts by clearing the I-bit in the CPSR.
 127:Drivers/CMSIS/Include/cmsis_gcc.h ****            Can only be executed in Privileged modes.
 128:Drivers/CMSIS/Include/cmsis_gcc.h ****  */
 129:Drivers/CMSIS/Include/cmsis_gcc.h **** __STATIC_FORCEINLINE void __enable_irq(void)
 130:Drivers/CMSIS/Include/cmsis_gcc.h **** {
 131:Drivers/CMSIS/Include/cmsis_gcc.h ****   __ASM volatile ("cpsie i" : : : "memory");
 132:Drivers/CMSIS/Include/cmsis_gcc.h **** }
 133:Drivers/CMSIS/Include/cmsis_gcc.h **** 
 134:Drivers/CMSIS/Include/cmsis_gcc.h **** 
 135:Drivers/CMSIS/Include/cmsis_gcc.h **** /**
 136:Drivers/CMSIS/Include/cmsis_gcc.h ****   \brief   Disable IRQ Interrupts
 137:Drivers/CMSIS/Include/cmsis_gcc.h ****   \details Disables IRQ interrupts by setting the I-bit in the CPSR.
 138:Drivers/CMSIS/Include/cmsis_gcc.h ****            Can only be executed in Privileged modes.
 139:Drivers/CMSIS/Include/cmsis_gcc.h ****  */
 140:Drivers/CMSIS/Include/cmsis_gcc.h **** __STATIC_FORCEINLINE void __disable_irq(void)
ARM GAS  C:\Users\admin\AppData\Local\Temp\ccd90eDs.s 			page 7


  39              		.loc 2 140 27 view .LVU2
  40              	.LBB5:
 141:Drivers/CMSIS/Include/cmsis_gcc.h **** {
 142:Drivers/CMSIS/Include/cmsis_gcc.h ****   __ASM volatile ("cpsid i" : : : "memory");
  41              		.loc 2 142 3 view .LVU3
  42              		.syntax unified
  43              	@ 142 "Drivers/CMSIS/Include/cmsis_gcc.h" 1
  44 0000 72B6     		cpsid i
  45              	@ 0 "" 2
  46              		.thumb
  47              		.syntax unified
  48              	.L2:
  49              	.LBE5:
  50              	.LBE4:
 166:Core/Src/main.c ****   while (1)
  51              		.loc 1 166 3 view .LVU4
 167:Core/Src/main.c ****   {
 168:Core/Src/main.c ****   }
  52              		.loc 1 168 3 view .LVU5
 166:Core/Src/main.c ****   while (1)
  53              		.loc 1 166 9 view .LVU6
  54 0002 FEE7     		b	.L2
  55              		.cfi_endproc
  56              	.LFE132:
  58              		.section	.text.SystemClock_Config,"ax",%progbits
  59              		.align	1
  60              		.global	SystemClock_Config
  61              		.syntax unified
  62              		.thumb
  63              		.thumb_func
  65              	SystemClock_Config:
  66              	.LFB131:
 113:Core/Src/main.c ****   RCC_OscInitTypeDef RCC_OscInitStruct = {0};
  67              		.loc 1 113 1 view -0
  68              		.cfi_startproc
  69              		@ args = 0, pretend = 0, frame = 80
  70              		@ frame_needed = 0, uses_anonymous_args = 0
  71 0000 00B5     		push	{lr}
  72              		.cfi_def_cfa_offset 4
  73              		.cfi_offset 14, -4
  74 0002 95B0     		sub	sp, sp, #84
  75              		.cfi_def_cfa_offset 88
 114:Core/Src/main.c ****   RCC_ClkInitTypeDef RCC_ClkInitStruct = {0};
  76              		.loc 1 114 3 view .LVU8
 114:Core/Src/main.c ****   RCC_ClkInitTypeDef RCC_ClkInitStruct = {0};
  77              		.loc 1 114 22 is_stmt 0 view .LVU9
  78 0004 3022     		movs	r2, #48
  79 0006 0021     		movs	r1, #0
  80 0008 08A8     		add	r0, sp, #32
  81 000a FFF7FEFF 		bl	memset
  82              	.LVL0:
 115:Core/Src/main.c **** 
  83              		.loc 1 115 3 is_stmt 1 view .LVU10
 115:Core/Src/main.c **** 
  84              		.loc 1 115 22 is_stmt 0 view .LVU11
  85 000e 0023     		movs	r3, #0
  86 0010 0393     		str	r3, [sp, #12]
ARM GAS  C:\Users\admin\AppData\Local\Temp\ccd90eDs.s 			page 8


  87 0012 0493     		str	r3, [sp, #16]
  88 0014 0593     		str	r3, [sp, #20]
  89 0016 0693     		str	r3, [sp, #24]
  90 0018 0793     		str	r3, [sp, #28]
 119:Core/Src/main.c ****   __HAL_PWR_VOLTAGESCALING_CONFIG(PWR_REGULATOR_VOLTAGE_SCALE1);
  91              		.loc 1 119 3 is_stmt 1 view .LVU12
  92              	.LBB6:
 119:Core/Src/main.c ****   __HAL_PWR_VOLTAGESCALING_CONFIG(PWR_REGULATOR_VOLTAGE_SCALE1);
  93              		.loc 1 119 3 view .LVU13
  94 001a 0193     		str	r3, [sp, #4]
 119:Core/Src/main.c ****   __HAL_PWR_VOLTAGESCALING_CONFIG(PWR_REGULATOR_VOLTAGE_SCALE1);
  95              		.loc 1 119 3 view .LVU14
  96 001c 1F4A     		ldr	r2, .L9
  97 001e 116C     		ldr	r1, [r2, #64]
  98 0020 41F08051 		orr	r1, r1, #268435456
  99 0024 1164     		str	r1, [r2, #64]
 119:Core/Src/main.c ****   __HAL_PWR_VOLTAGESCALING_CONFIG(PWR_REGULATOR_VOLTAGE_SCALE1);
 100              		.loc 1 119 3 view .LVU15
 101 0026 126C     		ldr	r2, [r2, #64]
 102 0028 02F08052 		and	r2, r2, #268435456
 103 002c 0192     		str	r2, [sp, #4]
 119:Core/Src/main.c ****   __HAL_PWR_VOLTAGESCALING_CONFIG(PWR_REGULATOR_VOLTAGE_SCALE1);
 104              		.loc 1 119 3 view .LVU16
 105 002e 019A     		ldr	r2, [sp, #4]
 106              	.LBE6:
 119:Core/Src/main.c ****   __HAL_PWR_VOLTAGESCALING_CONFIG(PWR_REGULATOR_VOLTAGE_SCALE1);
 107              		.loc 1 119 3 view .LVU17
 120:Core/Src/main.c **** 
 108              		.loc 1 120 3 view .LVU18
 109              	.LBB7:
 120:Core/Src/main.c **** 
 110              		.loc 1 120 3 view .LVU19
 111 0030 0293     		str	r3, [sp, #8]
 120:Core/Src/main.c **** 
 112              		.loc 1 120 3 view .LVU20
 113 0032 1B4B     		ldr	r3, .L9+4
 114 0034 1A68     		ldr	r2, [r3]
 115 0036 42F44042 		orr	r2, r2, #49152
 116 003a 1A60     		str	r2, [r3]
 120:Core/Src/main.c **** 
 117              		.loc 1 120 3 view .LVU21
 118 003c 1B68     		ldr	r3, [r3]
 119 003e 03F44043 		and	r3, r3, #49152
 120 0042 0293     		str	r3, [sp, #8]
 120:Core/Src/main.c **** 
 121              		.loc 1 120 3 view .LVU22
 122 0044 029B     		ldr	r3, [sp, #8]
 123              	.LBE7:
 120:Core/Src/main.c **** 
 124              		.loc 1 120 3 view .LVU23
 125:Core/Src/main.c ****   RCC_OscInitStruct.HSEState = RCC_HSE_ON;
 125              		.loc 1 125 3 view .LVU24
 125:Core/Src/main.c ****   RCC_OscInitStruct.HSEState = RCC_HSE_ON;
 126              		.loc 1 125 36 is_stmt 0 view .LVU25
 127 0046 0123     		movs	r3, #1
 128 0048 0893     		str	r3, [sp, #32]
 126:Core/Src/main.c ****   RCC_OscInitStruct.PLL.PLLState = RCC_PLL_ON;
ARM GAS  C:\Users\admin\AppData\Local\Temp\ccd90eDs.s 			page 9


 129              		.loc 1 126 3 is_stmt 1 view .LVU26
 126:Core/Src/main.c ****   RCC_OscInitStruct.PLL.PLLState = RCC_PLL_ON;
 130              		.loc 1 126 30 is_stmt 0 view .LVU27
 131 004a 4FF48033 		mov	r3, #65536
 132 004e 0993     		str	r3, [sp, #36]
 127:Core/Src/main.c ****   RCC_OscInitStruct.PLL.PLLSource = RCC_PLLSOURCE_HSE;
 133              		.loc 1 127 3 is_stmt 1 view .LVU28
 127:Core/Src/main.c ****   RCC_OscInitStruct.PLL.PLLSource = RCC_PLLSOURCE_HSE;
 134              		.loc 1 127 34 is_stmt 0 view .LVU29
 135 0050 0223     		movs	r3, #2
 136 0052 0E93     		str	r3, [sp, #56]
 128:Core/Src/main.c ****   RCC_OscInitStruct.PLL.PLLM = 12;
 137              		.loc 1 128 3 is_stmt 1 view .LVU30
 128:Core/Src/main.c ****   RCC_OscInitStruct.PLL.PLLM = 12;
 138              		.loc 1 128 35 is_stmt 0 view .LVU31
 139 0054 4FF48002 		mov	r2, #4194304
 140 0058 0F92     		str	r2, [sp, #60]
 129:Core/Src/main.c ****   RCC_OscInitStruct.PLL.PLLN = 96;
 141              		.loc 1 129 3 is_stmt 1 view .LVU32
 129:Core/Src/main.c ****   RCC_OscInitStruct.PLL.PLLN = 96;
 142              		.loc 1 129 30 is_stmt 0 view .LVU33
 143 005a 0C22     		movs	r2, #12
 144 005c 1092     		str	r2, [sp, #64]
 130:Core/Src/main.c ****   RCC_OscInitStruct.PLL.PLLP = RCC_PLLP_DIV2;
 145              		.loc 1 130 3 is_stmt 1 view .LVU34
 130:Core/Src/main.c ****   RCC_OscInitStruct.PLL.PLLP = RCC_PLLP_DIV2;
 146              		.loc 1 130 30 is_stmt 0 view .LVU35
 147 005e 6022     		movs	r2, #96
 148 0060 1192     		str	r2, [sp, #68]
 131:Core/Src/main.c ****   RCC_OscInitStruct.PLL.PLLQ = 4;
 149              		.loc 1 131 3 is_stmt 1 view .LVU36
 131:Core/Src/main.c ****   RCC_OscInitStruct.PLL.PLLQ = 4;
 150              		.loc 1 131 30 is_stmt 0 view .LVU37
 151 0062 1293     		str	r3, [sp, #72]
 132:Core/Src/main.c ****   if (HAL_RCC_OscConfig(&RCC_OscInitStruct) != HAL_OK)
 152              		.loc 1 132 3 is_stmt 1 view .LVU38
 132:Core/Src/main.c ****   if (HAL_RCC_OscConfig(&RCC_OscInitStruct) != HAL_OK)
 153              		.loc 1 132 30 is_stmt 0 view .LVU39
 154 0064 0423     		movs	r3, #4
 155 0066 1393     		str	r3, [sp, #76]
 133:Core/Src/main.c ****   {
 156              		.loc 1 133 3 is_stmt 1 view .LVU40
 133:Core/Src/main.c ****   {
 157              		.loc 1 133 7 is_stmt 0 view .LVU41
 158 0068 08A8     		add	r0, sp, #32
 159 006a FFF7FEFF 		bl	HAL_RCC_OscConfig
 160              	.LVL1:
 133:Core/Src/main.c ****   {
 161              		.loc 1 133 6 discriminator 1 view .LVU42
 162 006e 88B9     		cbnz	r0, .L7
 140:Core/Src/main.c ****                               |RCC_CLOCKTYPE_PCLK1|RCC_CLOCKTYPE_PCLK2;
 163              		.loc 1 140 3 is_stmt 1 view .LVU43
 140:Core/Src/main.c ****                               |RCC_CLOCKTYPE_PCLK1|RCC_CLOCKTYPE_PCLK2;
 164              		.loc 1 140 31 is_stmt 0 view .LVU44
 165 0070 0F23     		movs	r3, #15
 166 0072 0393     		str	r3, [sp, #12]
 142:Core/Src/main.c ****   RCC_ClkInitStruct.AHBCLKDivider = RCC_SYSCLK_DIV1;
ARM GAS  C:\Users\admin\AppData\Local\Temp\ccd90eDs.s 			page 10


 167              		.loc 1 142 3 is_stmt 1 view .LVU45
 142:Core/Src/main.c ****   RCC_ClkInitStruct.AHBCLKDivider = RCC_SYSCLK_DIV1;
 168              		.loc 1 142 34 is_stmt 0 view .LVU46
 169 0074 0223     		movs	r3, #2
 170 0076 0493     		str	r3, [sp, #16]
 143:Core/Src/main.c ****   RCC_ClkInitStruct.APB1CLKDivider = RCC_HCLK_DIV2;
 171              		.loc 1 143 3 is_stmt 1 view .LVU47
 143:Core/Src/main.c ****   RCC_ClkInitStruct.APB1CLKDivider = RCC_HCLK_DIV2;
 172              		.loc 1 143 35 is_stmt 0 view .LVU48
 173 0078 0023     		movs	r3, #0
 174 007a 0593     		str	r3, [sp, #20]
 144:Core/Src/main.c ****   RCC_ClkInitStruct.APB2CLKDivider = RCC_HCLK_DIV1;
 175              		.loc 1 144 3 is_stmt 1 view .LVU49
 144:Core/Src/main.c ****   RCC_ClkInitStruct.APB2CLKDivider = RCC_HCLK_DIV1;
 176              		.loc 1 144 36 is_stmt 0 view .LVU50
 177 007c 4FF48052 		mov	r2, #4096
 178 0080 0692     		str	r2, [sp, #24]
 145:Core/Src/main.c **** 
 179              		.loc 1 145 3 is_stmt 1 view .LVU51
 145:Core/Src/main.c **** 
 180              		.loc 1 145 36 is_stmt 0 view .LVU52
 181 0082 0793     		str	r3, [sp, #28]
 147:Core/Src/main.c ****   {
 182              		.loc 1 147 3 is_stmt 1 view .LVU53
 147:Core/Src/main.c ****   {
 183              		.loc 1 147 7 is_stmt 0 view .LVU54
 184 0084 0321     		movs	r1, #3
 185 0086 03A8     		add	r0, sp, #12
 186 0088 FFF7FEFF 		bl	HAL_RCC_ClockConfig
 187              	.LVL2:
 147:Core/Src/main.c ****   {
 188              		.loc 1 147 6 discriminator 1 view .LVU55
 189 008c 20B9     		cbnz	r0, .L8
 151:Core/Src/main.c **** 
 190              		.loc 1 151 1 view .LVU56
 191 008e 15B0     		add	sp, sp, #84
 192              		.cfi_remember_state
 193              		.cfi_def_cfa_offset 4
 194              		@ sp needed
 195 0090 5DF804FB 		ldr	pc, [sp], #4
 196              	.L7:
 197              		.cfi_restore_state
 135:Core/Src/main.c ****   }
 198              		.loc 1 135 5 is_stmt 1 view .LVU57
 199 0094 FFF7FEFF 		bl	Error_Handler
 200              	.LVL3:
 201              	.L8:
 149:Core/Src/main.c ****   }
 202              		.loc 1 149 5 view .LVU58
 203 0098 FFF7FEFF 		bl	Error_Handler
 204              	.LVL4:
 205              	.L10:
 206              		.align	2
 207              	.L9:
 208 009c 00380240 		.word	1073887232
 209 00a0 00700040 		.word	1073770496
 210              		.cfi_endproc
ARM GAS  C:\Users\admin\AppData\Local\Temp\ccd90eDs.s 			page 11


 211              	.LFE131:
 213              		.section	.rodata.main.str1.4,"aMS",%progbits,1
 214              		.align	2
 215              	.LC0:
 216 0000 48656C6C 		.ascii	"Hello World!\015\012\000"
 216      6F20576F 
 216      726C6421 
 216      0D0A00
 217              		.section	.text.main,"ax",%progbits
 218              		.align	1
 219              		.global	main
 220              		.syntax unified
 221              		.thumb
 222              		.thumb_func
 224              	main:
 225              	.LFB130:
  66:Core/Src/main.c ****   /* USER CODE BEGIN 1 */
 226              		.loc 1 66 1 view -0
 227              		.cfi_startproc
 228              		@ Volatile: function does not return.
 229              		@ args = 0, pretend = 0, frame = 0
 230              		@ frame_needed = 0, uses_anonymous_args = 0
 231 0000 08B5     		push	{r3, lr}
 232              		.cfi_def_cfa_offset 8
 233              		.cfi_offset 3, -8
 234              		.cfi_offset 14, -4
  74:Core/Src/main.c **** 
 235              		.loc 1 74 3 view .LVU60
 236 0002 FFF7FEFF 		bl	HAL_Init
 237              	.LVL5:
  81:Core/Src/main.c **** 
 238              		.loc 1 81 3 view .LVU61
 239 0006 FFF7FEFF 		bl	SystemClock_Config
 240              	.LVL6:
  88:Core/Src/main.c ****   MX_USART1_UART_Init();
 241              		.loc 1 88 3 view .LVU62
 242 000a FFF7FEFF 		bl	MX_GPIO_Init
 243              	.LVL7:
  89:Core/Src/main.c ****   /* USER CODE BEGIN 2 */
 244              		.loc 1 89 3 view .LVU63
 245 000e FFF7FEFF 		bl	MX_USART1_UART_Init
 246              	.LVL8:
 247              	.L12:
  96:Core/Src/main.c ****   {
 248              		.loc 1 96 3 view .LVU64
 249              	.LBB8:
  98:Core/Src/main.c ****     HAL_Delay(500);
 250              		.loc 1 98 5 view .LVU65
 251 0012 4FF40051 		mov	r1, #8192
 252 0016 0748     		ldr	r0, .L14
 253 0018 FFF7FEFF 		bl	HAL_GPIO_TogglePin
 254              	.LVL9:
  99:Core/Src/main.c ****     HAL_UART_Transmit(&huart1,"Hello World!\r\n",strlen("Hello World!\r"),HAL_MAX_DELAY);
 255              		.loc 1 99 5 view .LVU66
 256 001c 4FF4FA70 		mov	r0, #500
 257 0020 FFF7FEFF 		bl	HAL_Delay
 258              	.LVL10:
ARM GAS  C:\Users\admin\AppData\Local\Temp\ccd90eDs.s 			page 12


 100:Core/Src/main.c ****     /* USER CODE END WHILE */
 259              		.loc 1 100 5 discriminator 1 view .LVU67
 260 0024 4FF0FF33 		mov	r3, #-1
 261 0028 0D22     		movs	r2, #13
 262 002a 0349     		ldr	r1, .L14+4
 263 002c 0348     		ldr	r0, .L14+8
 264 002e FFF7FEFF 		bl	HAL_UART_Transmit
 265              	.LVL11:
 266              	.LBE8:
  96:Core/Src/main.c ****   {
 267              		.loc 1 96 9 view .LVU68
 268 0032 EEE7     		b	.L12
 269              	.L15:
 270              		.align	2
 271              	.L14:
 272 0034 00080240 		.word	1073874944
 273 0038 00000000 		.word	.LC0
 274 003c 00000000 		.word	huart1
 275              		.cfi_endproc
 276              	.LFE130:
 278              		.text
 279              	.Letext0:
 280              		.file 3 "C:/USERS/ADMIN/SCOOP/APPS/GCC-ARM-NONE-EABI/CURRENT/arm-none-eabi/include/machine/_defaul
 281              		.file 4 "C:/USERS/ADMIN/SCOOP/APPS/GCC-ARM-NONE-EABI/CURRENT/arm-none-eabi/include/sys/_stdint.h"
 282              		.file 5 "Drivers/CMSIS/Device/ST/STM32F4xx/Include/stm32f411xe.h"
 283              		.file 6 "Drivers/STM32F4xx_HAL_Driver/Inc/stm32f4xx_hal_def.h"
 284              		.file 7 "Drivers/STM32F4xx_HAL_Driver/Inc/stm32f4xx_hal_rcc_ex.h"
 285              		.file 8 "Drivers/STM32F4xx_HAL_Driver/Inc/stm32f4xx_hal_rcc.h"
 286              		.file 9 "Drivers/STM32F4xx_HAL_Driver/Inc/stm32f4xx_hal_dma.h"
 287              		.file 10 "Drivers/STM32F4xx_HAL_Driver/Inc/stm32f4xx_hal_uart.h"
 288              		.file 11 "Drivers/STM32F4xx_HAL_Driver/Inc/stm32f4xx_hal.h"
 289              		.file 12 "Drivers/STM32F4xx_HAL_Driver/Inc/stm32f4xx_hal_gpio.h"
 290              		.file 13 "Core/Inc/usart.h"
 291              		.file 14 "Core/Inc/gpio.h"
 292              		.file 15 "<built-in>"
ARM GAS  C:\Users\admin\AppData\Local\Temp\ccd90eDs.s 			page 13


DEFINED SYMBOLS
                            *ABS*:00000000 main.c
C:\Users\admin\AppData\Local\Temp\ccd90eDs.s:21     .text.Error_Handler:00000000 $t
C:\Users\admin\AppData\Local\Temp\ccd90eDs.s:27     .text.Error_Handler:00000000 Error_Handler
C:\Users\admin\AppData\Local\Temp\ccd90eDs.s:59     .text.SystemClock_Config:00000000 $t
C:\Users\admin\AppData\Local\Temp\ccd90eDs.s:65     .text.SystemClock_Config:00000000 SystemClock_Config
C:\Users\admin\AppData\Local\Temp\ccd90eDs.s:208    .text.SystemClock_Config:0000009c $d
C:\Users\admin\AppData\Local\Temp\ccd90eDs.s:214    .rodata.main.str1.4:00000000 $d
C:\Users\admin\AppData\Local\Temp\ccd90eDs.s:218    .text.main:00000000 $t
C:\Users\admin\AppData\Local\Temp\ccd90eDs.s:224    .text.main:00000000 main
C:\Users\admin\AppData\Local\Temp\ccd90eDs.s:272    .text.main:00000034 $d

UNDEFINED SYMBOLS
memset
HAL_RCC_OscConfig
HAL_RCC_ClockConfig
HAL_Init
MX_GPIO_Init
MX_USART1_UART_Init
HAL_GPIO_TogglePin
HAL_Delay
HAL_UART_Transmit
huart1
